[SERVIDOR] [23/04/2026 21:08] [RESPUESTA] FIGURES_LIST
[SERVIDOR] [23/04/2026 21:14] [RESPUESTA] FIGURE_FOUND figura=Horse segmento=1
[SERVIDOR] [23/04/2026 21:16] [RESPUESTA] FIGURES_LIST
[SERVIDOR] [23/04/2026 21:17] [RESPUESTA] FIGURE_FOUND figura=turtle segmento=1
[SERVIDOR] [23/04/2026 21:17] [RESPUESTA] FIGURES_LIST
[SERVIDOR] [23/04/2026 21:17] [RESPUESTA] FIGURE_FOUND figura=horse segmento=2
[SERVIDOR] [23/04/2026 21:18] [RESPUESTA] FIGURE_NOT_FOUND figura=turtle segmento=1
[SERVIDOR] [23/04/2026 21:40] [RESPUESTA] FIGURES_LIST
[SERVIDOR] [23/04/2026 21:40] [RESPUESTA] FIGURE_NOT_FOUND figura=death segmento=
[SERVIDOR] [23/04/2026 21:41] [RESPUESTA] FIGURES_LIST
[SERVIDOR] [23/04/2026 21:41] [RESPUESTA] FIGURE_NOT_FOUND figura=death segmento=
[SERVIDOR] [23/04/2026 21:42] [RESPUESTA] FIGURES_LIST
[SERVIDOR] [23/04/2026 21:42] [RESPUESTA] FIGURE_NOT_FOUND figura=death segmento=
[SERVIDOR] [23/04/2026 21:42] [RESPUESTA] FIGURES_LIST
[SERVIDOR] [23/04/2026 21:43] [RESPUESTA] FIGURE_FOUND figura=death_star_ii segmento=2
[SERVIDOR] [23/04/2026 21:48] [RESPUESTA] FIGURES_LIST
[SERVIDOR] [23/04/2026 21:48] [RESPUESTA] FIGURE_FOUND figura=fish segmento=1
[SERVIDOR] [23/04/2026 22:37] [RESPUESTA] FIGURES_LIST
[SERVIDOR] [23/04/2026 22:38] [RESPUESTA] FIGURE_FOUND figura=dragon segmento=1
[SERVIDOR] [24/04/2026 11:13] [RESPUESTA] FIGURES_LIST
[SERVIDOR] [24/04/2026 11:16] [RESPUESTA] FIGURES_LIST
[SERVIDOR] [24/04/2026 11:16] [RESPUESTA] FIGURE_FOUND figura=dragon segmento=1
[SERVIDOR] [24/04/2026 11:18] [RESPUESTA] FIGURES_LIST
[SERVIDOR] [24/04/2026 11:18] [RESPUESTA] FIGURE_FOUND figura=death_star_ii segmento=2
[SERVIDOR] [24/04/2026 11:19] [ERROR] Error procesando solicitud: Socket::Read( void *, size_t ): Connection reset by peer
[SERVIDOR] [24/04/2026 11:19] [RESPUESTA] FIGURE_FOUND figura=death_star_ii segmento=2
[SERVIDOR] [24/04/2026 11:19] [RESPUESTA] FIGURE_FOUND figura=death_star_ii segmento=2
[SERVIDOR] [24/04/2026 11:19] [RESPUESTA] FIGURE_FOUND figura=death_star_ii segmento=2
[SERVIDOR] [24/04/2026 11:20] [ERROR] Error procesando solicitud: Socket::Read( void *, size_t ): Connection reset by peer
[SERVIDOR] [24/04/2026 11:21] [RESPUESTA] FIGURES_LIST
[SERVIDOR] [24/04/2026 11:21] [RESPUESTA] FIGURE_NOT_FOUND figura=c3po segmento=2
[SERVIDOR] [24/04/2026 11:22] [RESPUESTA] FIGURE_NOT_FOUND figura= segmento=2
[SERVIDOR] [24/04/2026 11:22] [ERROR] Error procesando solicitud: Socket::Read( void *, size_t ): Connection reset by peer
[SERVIDOR] [24/04/2026 11:22] [RESPUESTA] FIGURES_LIST
[SERVIDOR] [24/04/2026 11:23] [ERROR] Error procesando solicitud: Socket::Read( void *, size_t ): Connection reset by peer
[SERVIDOR] [24/04/2026 11:24] [RESPUESTA] FIGURES_LIST
[SERVIDOR] [24/04/2026 11:24] [ERROR] Error procesando solicitud: Metodo HTTP no soportado
[SERVIDOR] [24/04/2026 11:24] [RESPUESTA] FIGURES_LIST
[SERVIDOR] [24/04/2026 11:24] [RESPUESTA] FIGURES_LIST
[SERVIDOR] [24/04/2026 11:24] [RESPUESTA] FIGURES_LIST
[SERVIDOR] [24/04/2026 11:24] [RESPUESTA] FIGURES_LIST
[SERVIDOR] [24/04/2026 11:24] [RESPUESTA] FIGURES_LIST
[SERVIDOR] [24/04/2026 11:24] [RESPUESTA] FIGURES_LIST
[SERVIDOR] [24/04/2026 11:24] [RESPUESTA] FIGURES_LIST
[SERVIDOR] [24/04/2026 11:24] [RESPUESTA] FIGURES_LIST
[SERVIDOR] [24/04/2026 11:24] [RESPUESTA] FIGURES_LIST
[SERVIDOR] [24/04/2026 11:25] [ERROR] Error procesando solicitud: Socket::Read( void *, size_t ): Connection reset by peer
[SERVIDOR] [24/04/2026 11:26] [RESPUESTA] FIGURES_LIST
[SERVIDOR] [24/04/2026 11:26] [ERROR] Error procesando solicitud: Socket::Read( void *, size_t ): Connection reset by peer
[SERVIDOR] [24/04/2026 11:29] [RESPUESTA] FIGURES_LIST
[SERVIDOR] [24/04/2026 11:29] [RESPUESTA] FIGURE_FOUND figura=death_star_ii segmento=2
[SERVIDOR] [24/04/2026 11:30] [RESPUESTA] FIGURE_NOT_FOUND figura=c3po segmento=2
[SERVIDOR] [24/04/2026 11:30] [RESPUESTA] FIGURES_LIST
[SERVIDOR] [24/04/2026 11:30] [ERROR] Error procesando solicitud: Socket::Read( void *, size_t ): Connection reset by peer
[SERVIDOR] [24/04/2026 11:30] [RESPUESTA] FIGURE_NOT_FOUND figura= segmento=2
[SERVIDOR] [24/04/2026 11:31] [RESPUESTA] FIGURE_NOT_FOUND figura= segmento=2
[SERVIDOR] [24/04/2026 11:31] [RESPUESTA] FIGURE_NOT_FOUND figura= segmento=1
[SERVIDOR] [24/04/2026 11:31] [RESPUESTA] FIGURES_LIST
[SERVIDOR] [24/04/2026 11:31] [RESPUESTA] FIGURES_LIST
[SERVIDOR] [24/04/2026 11:32] [RESPUESTA] FIGURES_LIST
[SERVIDOR] [24/04/2026 11:32] [ERROR] Error procesando solicitud: Socket::Read( void *, size_t ): Connection reset by peer
[SERVIDOR] [24/04/2026 11:32] [RESPUESTA] FIGURES_LIST
[SERVIDOR] [24/04/2026 11:33] [RESPUESTA] FIGURE_NOT_FOUND figura=imperial_destroyee segmento=2
[SERVIDOR] [24/04/2026 11:33] [RESPUESTA] FIGURE_FOUND figura=imperial_destroyer segmento=2
[SERVIDOR] [24/04/2026 11:33] [ERROR] Error procesando solicitud: Socket::Read( void *, size_t ): Connection reset by peer
[SERVIDOR] [24/04/2026 11:33] [RESPUESTA] FIGURES_LIST
[SERVIDOR] [24/04/2026 11:33] [RESPUESTA] FIGURE_FOUND figura=dragon segmento=1
[SERVIDOR] [24/04/2026 11:33] [RESPUESTA] FIGURES_LIST
[SERVIDOR] [24/04/2026 11:33] [RESPUESTA] FIGURE_FOUND figura=dragon segmento=2
[SERVIDOR] [24/04/2026 11:35] [RESPUESTA] FIGURES_LIST
[SERVIDOR] [24/04/2026 11:35] [RESPUESTA] FIGURE_FOUND figura=imperial_destroyer segmento=2
[SERVIDOR] [24/04/2026 11:37] [RESPUESTA] FIGURES_LIST
[SERVIDOR] [24/04/2026 11:37] [RESPUESTA] FIGURES_LIST
[SERVIDOR] [24/04/2026 11:38] [RESPUESTA] FIGURE_FOUND figura=imperial_destroyer segmento=1
[SERVER] [26/04/2026 23:00] [RESPONSE] FIGURE_FOUND figure=fish segment=2
[SERVER] [26/04/2026 23:00] [RESPONSE] FIGURES_LIST
[SERVER] [26/04/2026 23:00] [RESPONSE] FIGURE_FOUND figure=death_star_ii segment=1
[SERVER] [26/04/2026 23:00] [RESPONSE] FIGURE_FOUND figure=death_star_ii segment=2
[SERVER] [26/04/2026 23:01] [RESPONSE] FIGURE_FOUND figure=death_star_ii segment=1
[SERVER] [26/04/2026 23:01] [RESPONSE] FIGURE_FOUND figure=death_star_ii segment=2
[SERVIDOR] [26/04/2026 23:02] [ERROR] Error procesando solicitud: HTTP method not supported
[SERVER] [27/04/2026 21:32] [RESPONSE] FIGURES_LIST
[SERVER] [27/04/2026 21:42] [RESPONSE] FIGURES_LIST
[SERVER] [28/04/2026 10:12] [RESPONSE] FIGURES_LIST
[SERVER] [28/04/2026 10:13] [RESPONSE] FIGURES_LIST
[SERVER] [28/04/2026 10:45] [RESPONSE] FIGURE_FOUND figure=fish segment=1
[SERVER] [28/04/2026 10:45] [RESPONSE] FIGURES_LIST
[SERVER] [28/04/2026 10:45] [RESPONSE] FIGURE_FOUND figure=giraffe segment=1
[SERVIDOR] [28/04/2026 10:45] [ERROR] Error procesando solicitud: Socket::Read( void *, size_t ): Connection reset by peer
[SERVER] [28/04/2026 10:48] [RESPONSE] FIGURES_LIST
[SERVER] [28/04/2026 10:48] [RESPONSE] FIGURES_LIST
[SERVIDOR] [28/04/2026 10:49] [ERROR] Error procesando solicitud: Socket::Read( void *, size_t ): Connection reset by peer
[SERVER] [28/04/2026 10:55] [RESPONSE] FIGURES_LIST
[SERVER] [28/04/2026 10:56] [RESPONSE] FIGURE_FOUND figure=dragon segment=1
[SERVER] [28/04/2026 10:56] [RESPONSE] FIGURES_LIST
[SERVER] [28/04/2026 10:56] [RESPONSE] FIGURE_FOUND figure=death_star_ii segment=1
[SERVER] [28/04/2026 10:56] [RESPONSE] FIGURES_LIST
[SERVER] [28/04/2026 11:20] [RESPONSE] FIGURES_LIST
[SERVER] [28/04/2026 11:20] [RESPONSE] FIGURES_LIST
[SERVER] [28/04/2026 11:21] [RESPONSE] FIGURE_FOUND figure=dragon segment=1
[SERVER] [28/04/2026 11:21] [RESPONSE] FIGURES_LIST
[SERVER] [28/04/2026 11:21] [RESPONSE] FIGURE_FOUND figure=millennium_falcon segment=1
[SERVIDOR] [28/04/2026 11:23] [ERROR] Error procesando solicitud: HTTP method not supported
