[CLIENTE] [24/04/2026 10:32] [SOLICITUD] LIST_FIGURES
[INTERM] [24/04/2026 10:32] [SOLICITUD] ASK_FIGURE figura=ALL
[INTERM] [24/04/2026 10:32] [ENRUTAMIENTO] Enviando solicitud a servidor
[SERVIDOR] [24/04/2026 10:32] [RESPUESTA] FIGURE_FOUND figura=ALL
[INTERM] [24/04/2026 10:32] [RESPUESTA] FIGURES_LIST
[CLIENTE] [24/04/2026 10:32] [RESPUESTA] FIGURES_LIST
[CLIENTE] [24/04/2026 10:32] [SOLICITUD] GET_FIGURE figura=speeder bike segmento=2
[INTERM] [24/04/2026 10:32] [SOLICITUD] ASK_FIGURE figura=speeder bike segmento=2
[INTERM] [24/04/2026 10:32] [ENRUTAMIENTO] Enviando solicitud a servidor
[SERVIDOR] [24/04/2026 10:32] [RESPUESTA] FIGURE_FOUND figura=speeder bike segmento=2
[INTERM] [24/04/2026 10:32] [RESPUESTA] RETURN_FIGURE figura=speeder bike segmento=2
[CLIENTE] [24/04/2026 10:32] [RESPUESTA] RETURN_FIGURE figura=speeder bike segmento=2
[CLIENTE] [24/04/2026 10:33] [SOLICITUD] LIST_FIGURES
[INTERM] [24/04/2026 10:33] [SOLICITUD] ASK_FIGURE figura=ALL
[INTERM] [24/04/2026 10:33] [ENRUTAMIENTO] Enviando solicitud a servidor
[SERVIDOR] [24/04/2026 10:33] [RESPUESTA] FIGURE_FOUND figura=ALL
[INTERM] [24/04/2026 10:33] [RESPUESTA] FIGURES_LIST
[CLIENTE] [24/04/2026 10:33] [RESPUESTA] FIGURES_LIST
[CLIENTE] [24/04/2026 10:34] [SOLICITUD] GET_FIGURE figura=perro segmento=1
[INTERM] [24/04/2026 10:34] [SOLICITUD] ASK_FIGURE figura=perro segmento=1
[INTERM] [24/04/2026 10:34] [ENRUTAMIENTO] Enviando solicitud a servidor
[SERVIDOR] [24/04/2026 10:34] [RESPUESTA] FIGURE_NOT_FOUND figura=perro segmento=1
[INTERM] [24/04/2026 10:34] [ENRUTAMIENTO] Figura no encontrada localmente
[INTERM] [24/04/2026 10:34] [SOLICITUD] GET_FIGURE figura=perro segmento=1 (reenvío a intermediarios)
[INTERM] [24/04/2026 10:34] [ENRUTAMIENTO] Reenviando GET_FIGURE (interm-interm)
[INTERM] [24/04/2026 10:34] [RESPUESTA] FIGURE_NOT_FOUND figura=perro segmento=1
[INTERM] [24/04/2026 10:34] [ERROR] Ningún intermediario respondió a la solicitud
[CLIENTE] [24/04/2026 10:34] [RESPUESTA] FIGURE_NOT_FOUND
[INTERM] [27/04/2026 22:10] [SOLICITUD] ASK_FIGURE figura=ALL
[INTERM] [27/04/2026 22:10] [ENRUTAMIENTO] Enviando solicitud a servidor
[CLIENTE] [27/04/2026 22:10] [SOLICITUD] LIST_FIGURES
[SERVIDOR] [27/04/2026 22:10] [RESPUESTA] FIGURE_FOUND figura=ALL
[INTERM] [27/04/2026 22:10] [RESPUESTA] FIGURES_LIST
[CLIENTE] [27/04/2026 22:10] [RESPUESTA] FIGURES_LIST
[INTERM] [28/04/2026 11:22] [SOLICITUD] ASK_FIGURE figura=ALL
[CLIENTE] [28/04/2026 11:22] [SOLICITUD] LIST_FIGURES
[INTERM] [28/04/2026 11:22] [ENRUTAMIENTO] Enviando solicitud a servidor
[SERVIDOR] [28/04/2026 11:22] [RESPUESTA] FIGURE_FOUND figura=ALL
[INTERM] [28/04/2026 11:22] [RESPUESTA] FIGURES_LIST
[CLIENTE] [28/04/2026 11:22] [RESPUESTA] FIGURES_LIST
[INTERM] [28/04/2026 11:23] [SOLICITUD] ASK_FIGURE figura=imperial destroyer segmento=1
[INTERM] [28/04/2026 11:23] [ENRUTAMIENTO] Enviando solicitud a servidor
[CLIENTE] [28/04/2026 11:23] [SOLICITUD] GET_FIGURE figura=imperial destroyer segmento=1
[SERVIDOR] [28/04/2026 11:23] [RESPUESTA] FIGURE_FOUND figura=imperial destroyer segmento=1
[INTERM] [28/04/2026 11:23] [RESPUESTA] RETURN_FIGURE figura=imperial destroyer segmento=1
[CLIENTE] [28/04/2026 11:23] [RESPUESTA] RETURN_FIGURE figura=imperial destroyer segmento=1
