[CLIENTE] [23/04/2026 21:08] [SOLICITUD] LIST_FIGURES
[CLIENTE] [23/04/2026 21:11] [SOLICITUD] GET_FIGURE figura=dragon segmento=1
[CLIENTE] [23/04/2026 21:12] [SOLICITUD] LIST_FIGURES
[CLIENTE] [23/04/2026 21:12] [ERROR] Error de conexion: VSocket::TryToConnect, connect() IPv4
[CLIENTE] [23/04/2026 21:12] [SOLICITUD] GET_FIGURE figura=Horse segmento=1
[CLIENTE] [23/04/2026 21:12] [ERROR] Error de conexion: VSocket::TryToConnect, connect() IPv4
[CLIENTE] [23/04/2026 21:14] [SOLICITUD] LIST_FIGURES
[CLIENTE] [23/04/2026 21:14] [ERROR] Error de conexion: VSocket::TryToConnect, connect() IPv4
[CLIENTE] [23/04/2026 21:14] [SOLICITUD] GET_FIGURE figura=Horse segmento=1
[CLIENTE] [23/04/2026 21:14] [RESPUESTA] RETURN_FIGURE figura=Horse segmento=1
[CLIENTE] [23/04/2026 21:16] [SOLICITUD] LIST_FIGURES
[CLIENTE] [23/04/2026 21:17] [SOLICITUD] LIST_FIGURES
[CLIENTE] [23/04/2026 21:17] [ERROR] Error de conexion: VSocket::TryToConnect, connect() IPv4
[CLIENTE] [23/04/2026 21:17] [SOLICITUD] GET_FIGURE figura=turtle segmento=1
[CLIENTE] [23/04/2026 21:17] [RESPUESTA] RETURN_FIGURE figura=turtle segmento=1
[CLIENTE] [23/04/2026 21:17] [SOLICITUD] LIST_FIGURES
[CLIENTE] [23/04/2026 21:17] [SOLICITUD] GET_FIGURE figura=horse segmento=2
[CLIENTE] [23/04/2026 21:17] [RESPUESTA] RETURN_FIGURE figura=horse segmento=2
[CLIENTE] [23/04/2026 21:18] [SOLICITUD] LIST_FIGURES
[CLIENTE] [23/04/2026 21:18] [ERROR] Error de conexion: VSocket::TryToConnect, connect() IPv4
[CLIENTE] [23/04/2026 21:18] [SOLICITUD] GET_FIGURE figura=turtle segmento=1
[CLIENTE] [23/04/2026 21:18] [RESPUESTA] RETURN_FIGURE figura=turtle segmento=1
[CLIENTE] [23/04/2026 21:40] [SOLICITUD] LIST_FIGURES
[CLIENTE] [23/04/2026 21:40] [SOLICITUD] GET_FIGURE figura=death star ii segmento=1
[CLIENTE] [23/04/2026 21:40] [RESPUESTA] RETURN_FIGURE figura=death star ii segmento=1
[CLIENTE] [23/04/2026 21:41] [SOLICITUD] LIST_FIGURES
[CLIENTE] [23/04/2026 21:41] [SOLICITUD] GET_FIGURE figura=death star ii segmento=1
[CLIENTE] [23/04/2026 21:41] [RESPUESTA] RETURN_FIGURE figura=death star ii segmento=1
[CLIENTE] [23/04/2026 21:42] [SOLICITUD] LIST_FIGURES
[CLIENTE] [23/04/2026 21:42] [SOLICITUD] GET_FIGURE figura=death star ii segmento=1
[CLIENTE] [23/04/2026 21:42] [RESPUESTA] RETURN_FIGURE figura=death star ii segmento=1
[CLIENTE] [23/04/2026 21:42] [SOLICITUD] LIST_FIGURES
[CLIENTE] [23/04/2026 21:43] [SOLICITUD] GET_FIGURE figura=death_star_ii segmento=2
[CLIENTE] [23/04/2026 21:43] [RESPUESTA] RETURN_FIGURE figura=death_star_ii segmento=2
[CLIENTE] [23/04/2026 21:48] [SOLICITUD] LIST_FIGURES
[CLIENTE] [23/04/2026 21:48] [SOLICITUD] GET_FIGURE figura=fish segmento=1
[CLIENTE] [23/04/2026 21:48] [RESPUESTA] RETURN_FIGURE figura=fish segmento=1
[CLIENTE] [23/04/2026 22:35] [SOLICITUD] LIST_FIGURES
[CLIENTE] [23/04/2026 22:35] [ERROR] Error de conexion: VSocket::TryToConnect, connect() IPv4
[CLIENTE] [23/04/2026 22:35] [SOLICITUD] GET_FIGURE figura=duck segmento=2
[CLIENTE] [23/04/2026 22:35] [ERROR] Error de conexion: VSocket::TryToConnect, connect() IPv4
[CLIENTE] [23/04/2026 22:37] [SOLICITUD] LIST_FIGURES
[CLIENTE] [23/04/2026 22:38] [SOLICITUD] GET_FIGURE figura=dragon segmento=1
[CLIENTE] [23/04/2026 22:38] [RESPUESTA] RETURN_FIGURE figura=dragon segmento=1
[CLIENTE] [24/04/2026 11:04] [SOLICITUD] LIST_FIGURES
[CLIENTE] [24/04/2026 11:06] [SOLICITUD] LIST_FIGURES
[CLIENTE] [24/04/2026 11:06] [SOLICITUD] LIST_FIGURES
[CLIENTE] [24/04/2026 11:06] [ERROR] Error de conexion: VSocket::TryToConnect, connect() IPv4
[CLIENTE] [24/04/2026 11:07] [SOLICITUD] LIST_FIGURES
[CLIENTE] [24/04/2026 11:08] [SOLICITUD] LIST_FIGURES
[CLIENTE] [24/04/2026 11:09] [SOLICITUD] LIST_FIGURES
[CLIENTE] [24/04/2026 11:09] [SOLICITUD] LIST_FIGURES
[CLIENTE] [24/04/2026 11:10] [SOLICITUD] LIST_FIGURES
[CLIENTE] [24/04/2026 11:10] [ERROR] Error de conexion: VSocket::TryToConnect, inet_pton() IPv4
[CLIENTE] [24/04/2026 11:11] [SOLICITUD] LIST_FIGURES
[CLIENTE] [24/04/2026 11:11] [ERROR] Error de conexion: VSocket::TryToConnect, connect() IPv4
[CLIENTE] [24/04/2026 11:11] [SOLICITUD] LIST_FIGURES
[CLIENTE] [24/04/2026 11:11] [ERROR] Error de conexion: VSocket::TryToConnect, connect() IPv4
[CLIENTE] [24/04/2026 11:11] [SOLICITUD] GET_FIGURE figura=Horse segmento=1
[CLIENTE] [24/04/2026 11:11] [ERROR] Error de conexion: VSocket::TryToConnect, connect() IPv4
[CLIENTE] [24/04/2026 11:13] [SOLICITUD] LIST_FIGURES
[CLIENTE] [24/04/2026 11:16] [SOLICITUD] LIST_FIGURES
[CLIENTE] [24/04/2026 11:16] [SOLICITUD] GET_FIGURE figura=dragon segmento=1
[CLIENTE] [24/04/2026 11:16] [RESPUESTA] RETURN_FIGURE figura=dragon segmento=1
[CLIENTE] [24/04/2026 11:21] [SOLICITUD] LIST_FIGURES
[CLIENTE] [24/04/2026 11:21] [SOLICITUD] GET_FIGURE figura=c3po segmento=2
[CLIENTE] [24/04/2026 11:21] [RESPUESTA] RETURN_FIGURE figura=c3po segmento=2
[CLIENTE] [24/04/2026 11:33] [SOLICITUD] LIST_FIGURES
[CLIENTE] [24/04/2026 11:33] [SOLICITUD] GET_FIGURE figura=dragon segmento=1
[CLIENTE] [24/04/2026 11:33] [RESPUESTA] RETURN_FIGURE figura=dragon segmento=1
[CLIENTE] [24/04/2026 11:33] [SOLICITUD] LIST_FIGURES
[CLIENTE] [24/04/2026 11:33] [SOLICITUD] GET_FIGURE figura=dragon segmento=2
[CLIENTE] [24/04/2026 11:33] [RESPUESTA] RETURN_FIGURE figura=dragon segmento=2
[CLIENTE] [24/04/2026 11:35] [SOLICITUD] LIST_FIGURES
[CLIENTE] [24/04/2026 11:35] [SOLICITUD] GET_FIGURE figura=imperial_destroyer segmento=2
[CLIENTE] [24/04/2026 11:35] [RESPUESTA] RETURN_FIGURE figura=imperial_destroyer segmento=2
[CLIENTE] [24/04/2026 11:37] [SOLICITUD] LIST_FIGURES
[CLIENTE] [24/04/2026 11:37] [SOLICITUD] LIST_FIGURES
[CLIENTE] [24/04/2026 11:38] [SOLICITUD] GET_FIGURE figura=imperial_destroyer segmento=1
[CLIENTE] [24/04/2026 11:38] [RESPUESTA] RETURN_FIGURE figura=imperial_destroyer segmento=1
[CLIENTE] [27/04/2026 21:23] [SOLICITUD] LIST_FIGURES
[CLIENTE] [27/04/2026 21:31] [SOLICITUD] LIST_FIGURES
[CLIENTE] [27/04/2026 21:32] [SOLICITUD] LIST_FIGURES
[CLIENTE] [27/04/2026 21:42] [SOLICITUD] LIST_FIGURES
[CLIENTE] [28/04/2026 10:12] [SOLICITUD] LIST_FIGURES
[CLIENTE] [28/04/2026 10:55] [SOLICITUD] LIST_FIGURES
[CLIENTE] [28/04/2026 10:56] [SOLICITUD] GET_FIGURE figura=dragon segmento=1
[CLIENTE] [28/04/2026 10:56] [RESPUESTA] RETURN_FIGURE figura=dragon segmento=1
[CLIENTE] [28/04/2026 10:56] [SOLICITUD] LIST_FIGURES
[CLIENTE] [28/04/2026 10:56] [SOLICITUD] GET_FIGURE figura=death_star_ii segmento=1
[CLIENTE] [28/04/2026 10:56] [RESPUESTA] RETURN_FIGURE figura=death_star_ii segmento=1
[CLIENTE] [28/04/2026 11:20] [SOLICITUD] LIST_FIGURES
[CLIENTE] [28/04/2026 11:21] [SOLICITUD] GET_FIGURE figura=dragon segmento=1
[CLIENTE] [28/04/2026 11:21] [RESPUESTA] RETURN_FIGURE figura=dragon segmento=1
